<?xml version="1.0" encoding="UTF-8"?>
<!-- Generated by org.testng.reporters.JUnitXMLReporter -->
<testsuite hostname="PUNL6576A" name="CNHiFleetAPPLoginTest_WINDOWS_WEB_CHROME_66" tests="1" failures="1" timestamp="30 May 2018 08:23:37 GMT" time="59.529" errors="0">
  <testcase name="EVOFleetHomeScreenTest" time="45.188" classname="com.test.CNHi.testSuite.TestPlan">
    <failure type="java.lang.AssertionError" message="[printTestSummary] Testcase &amp;apos;EVOFleetHomeScreenTest &amp;apos; FAILED.">
      <![CDATA[java.lang.AssertionError: [printTestSummary] Testcase 'EVOFleetHomeScreenTest ' FAILED.
	at com.htap.fw_core.FW_BaseTestCase.printTestSummary(FW_BaseTestCase.java:310)
	at com.test.CNHi.testSuite.TestPlan.EVOFleetHomeScreenTest(TestPlan.java:91)
... Removed 25 stack frames]]>
    </failure>
  </testcase> <!-- EVOFleetHomeScreenTest -->
</testsuite> <!-- CNHiFleetAPPLoginTest_WINDOWS_WEB_CHROME_66 -->
