<?xml version="1.0" encoding="UTF-8"?>
<!-- Generated by org.testng.reporters.JUnitXMLReporter -->
<testsuite hostname="PUNL6576A" name="CNHiFleetAndroidAPPLoginTest_ANDROID_WEB_CHROME_66" tests="2" failures="1" timestamp="31 May 2018 09:36:27 GMT" time="183.132" errors="0">
  <testcase name="CNHiFleetAPPLoginTest_Android" time="58.817" classname="com.test.CNHi.testSuite.TestPlan"/>
  <testcase name="CNHiFleetAPPLoginTest_Android2" time="58.34" classname="com.test.CNHi.testSuite.TestPlan">
    <failure type="java.lang.AssertionError" message="[printTestSummary] Testcase &amp;apos;CNHiFleetAPPLoginTestAndroid2 &amp;apos; FAILED.">
      <![CDATA[java.lang.AssertionError: [printTestSummary] Testcase 'CNHiFleetAPPLoginTestAndroid2 ' FAILED.
	at com.htap.fw_core.FW_BaseTestCase.printTestSummary(FW_BaseTestCase.java:311)
	at com.test.CNHi.testSuite.TestPlan.CNHiFleetAPPLoginTest_Android2(TestPlan.java:145)
... Removed 25 stack frames]]>
    </failure>
  </testcase> <!-- CNHiFleetAPPLoginTest_Android2 -->
</testsuite> <!-- CNHiFleetAndroidAPPLoginTest_ANDROID_WEB_CHROME_66 -->
